C:\USERS\KOGUCHI\GOOGLE ドライブ\イベント\レイトレ合宿\KGPHOTONMAPPING\DEBUG\KGPHOTONMAPPING.EXE
C:\USERS\KOGUCHI\GOOGLE ドライブ\イベント\レイトレ合宿\KGPHOTONMAPPING\DEBUG\KGPHOTONMAPPING.ILK
C:\USERS\KOGUCHI\GOOGLE ドライブ\イベント\レイトレ合宿\KGPHOTONMAPPING\DEBUG\KGPHOTONMAPPING.PDB
C:\Users\koguchi\Google ドライブ\イベント\レイトレ合宿\kgPhotonMapping\src\Debug\cl.command.1.tlog
C:\Users\koguchi\Google ドライブ\イベント\レイトレ合宿\kgPhotonMapping\src\Debug\CL.read.1.tlog
C:\Users\koguchi\Google ドライブ\イベント\レイトレ合宿\kgPhotonMapping\src\Debug\CL.write.1.tlog
C:\USERS\KOGUCHI\GOOGLE ドライブ\イベント\レイトレ合宿\KGPHOTONMAPPING\SRC\DEBUG\HDRIMAGE.OBJ
C:\USERS\KOGUCHI\GOOGLE ドライブ\イベント\レイトレ合宿\KGPHOTONMAPPING\SRC\DEBUG\KGALGEBRA.OBJ
C:\USERS\KOGUCHI\GOOGLE ドライブ\イベント\レイトレ合宿\KGPHOTONMAPPING\SRC\DEBUG\KGBMP.OBJ
C:\USERS\KOGUCHI\GOOGLE ドライブ\イベント\レイトレ合宿\KGPHOTONMAPPING\SRC\DEBUG\KGPHOTONMAPPING.EXE.INTERMEDIATE.MANIFEST
C:\Users\koguchi\Google ドライブ\イベント\レイトレ合宿\kgPhotonMapping\src\Debug\kgPhotonMapping.write.1.tlog
C:\USERS\KOGUCHI\GOOGLE ドライブ\イベント\レイトレ合宿\KGPHOTONMAPPING\SRC\DEBUG\KGTGA.OBJ
C:\USERS\KOGUCHI\GOOGLE ドライブ\イベント\レイトレ合宿\KGPHOTONMAPPING\SRC\DEBUG\KGTIME.OBJ
C:\Users\koguchi\Google ドライブ\イベント\レイトレ合宿\kgPhotonMapping\src\Debug\link.command.1.tlog
C:\Users\koguchi\Google ドライブ\イベント\レイトレ合宿\kgPhotonMapping\src\Debug\link.read.1.tlog
C:\Users\koguchi\Google ドライブ\イベント\レイトレ合宿\kgPhotonMapping\src\Debug\link.write.1.tlog
C:\USERS\KOGUCHI\GOOGLE ドライブ\イベント\レイトレ合宿\KGPHOTONMAPPING\SRC\DEBUG\MAIN.OBJ
C:\Users\koguchi\Google ドライブ\イベント\レイトレ合宿\kgPhotonMapping\src\Debug\mt.command.1.tlog
C:\Users\koguchi\Google ドライブ\イベント\レイトレ合宿\kgPhotonMapping\src\Debug\mt.read.1.tlog
C:\Users\koguchi\Google ドライブ\イベント\レイトレ合宿\kgPhotonMapping\src\Debug\mt.write.1.tlog
C:\USERS\KOGUCHI\GOOGLE ドライブ\イベント\レイトレ合宿\KGPHOTONMAPPING\SRC\DEBUG\OFL.OBJ
C:\Users\koguchi\Google ドライブ\イベント\レイトレ合宿\kgPhotonMapping\src\Debug\vc100.idb
C:\USERS\KOGUCHI\GOOGLE ドライブ\イベント\レイトレ合宿\KGPHOTONMAPPING\SRC\DEBUG\VC100.PDB
