2014/09/13 1:09:28 にビルドを開始しました。
     1>ノード 2 上のプロジェクト "C:\Users\貴弘\Google ドライブ\イベント\レイトレ合宿\kgPhotonMapping\program\src\photonMappingTrunk.vcxproj" (build ターゲット)。
     1>InitializeBuildStatus:
         "AlwaysCreate" が指定されたため "x64\Release\kgPhotonMapping.unsuccessfulbuild" を作成しています。
       ClCompile:
         C:\Program Files (x86)\Microsoft Visual Studio 10.0\VC\bin\x86_amd64\CL.exe /c /I"C:\Program Files (x86)\Microsoft DirectX SDK (June 2010)\\Include" /Zi /nologo /W3 /WX- /O2 /Oi /GL /D _MBCS /Gm- /EHsc /MD /GS /Gy /fp:precise /Zc:wchar_t /Zc:forScope /openmp /Fo"x64\Release\\" /Fd"x64\Release\vc100.pdb" /Gd /TP /errorReport:prompt main.cpp
         main.cpp
       Link:
         C:\Program Files (x86)\Microsoft Visual Studio 10.0\VC\bin\x86_amd64\link.exe /ERRORREPORT:PROMPT /OUT:"C:\Users\貴弘\Google ドライブ\イベント\レイトレ合宿\kgPhotonMapping\program\x64\Release\kgPhotonMapping.exe" /NOLOGO /LIBPATH:"C:\Program Files (x86)\Microsoft DirectX SDK (June 2010)\\Lib\x64" d3d11.lib d3dx11.lib kernel32.lib user32.lib gdi32.lib winspool.lib comdlg32.lib advapi32.lib shell32.lib ole32.lib oleaut32.lib uuid.lib odbc32.lib odbccp32.lib /MANIFEST /ManifestFile:"x64\Release\kgPhotonMapping.exe.intermediate.manifest" /MANIFESTUAC:"level='asInvoker' uiAccess='false'" /DEBUG /PDB:"C:\Users\貴弘\Google ドライブ\イベント\レイトレ合宿\kgPhotonMapping\program\x64\Release\kgPhotonMapping.pdb" /OPT:REF /OPT:ICF /LTCG /TLBID:1 /DYNAMICBASE /NXCOMPAT /IMPLIB:"C:\Users\貴弘\Google ドライブ\イベント\レイトレ合宿\kgPhotonMapping\program\x64\Release\kgPhotonMapping.lib" /MACHINE:X64 x64\Release\kgbmp.obj
         x64\Release\kgalgebra.obj
         x64\Release\kgtga.obj
         x64\Release\kgtime.obj
         x64\Release\ofl.obj
         x64\Release\hdrImage.obj
         x64\Release\main.obj
         コード生成しています。
         コード生成が終了しました。
         photonMappingTrunk.vcxproj -> C:\Users\貴弘\Google ドライブ\イベント\レイトレ合宿\kgPhotonMapping\program\x64\Release\kgPhotonMapping.exe
       Manifest:
         C:\Program Files (x86)\Microsoft SDKs\Windows\v7.0A\bin\mt.exe /nologo /verbose /outputresource:"C:\Users\貴弘\Google ドライブ\イベント\レイトレ合宿\kgPhotonMapping\program\x64\Release\kgPhotonMapping.exe;#1" /manifest x64\Release\kgPhotonMapping.exe.intermediate.manifest
       FinalizeBuildStatus:
         ファイル "x64\Release\kgPhotonMapping.unsuccessfulbuild" を削除しています。
         "x64\Release\kgPhotonMapping.lastbuildstate" のタッチ タスクを実行しています。
     1>プロジェクト "C:\Users\貴弘\Google ドライブ\イベント\レイトレ合宿\kgPhotonMapping\program\src\photonMappingTrunk.vcxproj" (build ターゲット) のビルドが完了しました。

ビルドに成功しました。

経過時間 00:00:11.48
